<?xml version="1.0" encoding="UTF-8"?>
<testsuite name="ru.stqa.pft.addressbook.tests.GroupCreationTest" tests="3" skipped="0" failures="0" errors="0" timestamp="2020-08-17T14:11:52" hostname="WS64-127" time="4.489">
  <properties/>
  <testcase name="testGroupCreation[0](GroupData{id='2147483647', name='testGroup 0'})" classname="ru.stqa.pft.addressbook.tests.GroupCreationTest" time="1.703"/>
  <testcase name="testGroupCreation[1](GroupData{id='2147483647', name='testGroup 1'})" classname="ru.stqa.pft.addressbook.tests.GroupCreationTest" time="1.375"/>
  <testcase name="testGroupCreation[2](GroupData{id='2147483647', name='testGroup 2'})" classname="ru.stqa.pft.addressbook.tests.GroupCreationTest" time="1.408"/>
  <system-out><![CDATA[]]></system-out>
  <system-err><![CDATA[]]></system-err>
</testsuite>
