<?xml version="1.0" encoding="UTF-8"?>
<testsuite name="ru.stqa.pft.addressbook.tests.ContactAddressTests" tests="1" skipped="0" failures="0" errors="0" timestamp="2020-08-19T14:24:37" hostname="WS64-127" time="0.375">
  <properties/>
  <testcase name="testContactAddress" classname="ru.stqa.pft.addressbook.tests.ContactAddressTests" time="0.375"/>
  <system-out><![CDATA[]]></system-out>
  <system-err><![CDATA[]]></system-err>
</testsuite>
