<?xml version="1.0" encoding="UTF-8"?>
<testsuite name="ru.stqa.pft.addressbook.tests.ContactAddressTests" tests="1" skipped="0" failures="0" errors="0" timestamp="2020-08-17T14:11:18" hostname="WS64-127" time="0.411">
  <properties/>
  <testcase name="testContactAddress" classname="ru.stqa.pft.addressbook.tests.ContactAddressTests" time="0.411"/>
  <system-out><![CDATA[]]></system-out>
  <system-err><![CDATA[]]></system-err>
</testsuite>
