<?xml version="1.0" encoding="UTF-8"?>
<testsuite name="ru.stqa.pft.addressbook.tests.ContactEmailTests" tests="1" skipped="0" failures="0" errors="0" timestamp="2020-08-19T14:24:35" hostname="WS64-127" time="0.443">
  <properties/>
  <testcase name="testContactEmails" classname="ru.stqa.pft.addressbook.tests.ContactEmailTests" time="0.443"/>
  <system-out><![CDATA[]]></system-out>
  <system-err><![CDATA[]]></system-err>
</testsuite>
