<?xml version="1.0" encoding="UTF-8"?>
<testsuite name="ru.stqa.pft.addressbook.tests.ContactModificationTest" tests="1" skipped="0" failures="0" errors="0" timestamp="2020-08-24T13:06:41" hostname="WS64-127" time="4.407">
  <properties/>
  <testcase name="testContactModification" classname="ru.stqa.pft.addressbook.tests.ContactModificationTest" time="4.407"/>
  <system-out><![CDATA[17:06:40.596 [Test worker] INFO  r.s.pft.addressbook.tests.TestBase - Start test testContactModification with parameters []
17:06:45.438 [Test worker] INFO  r.s.pft.addressbook.tests.TestBase - Stop test testContactModification with parameters []
]]></system-out>
  <system-err><![CDATA[]]></system-err>
</testsuite>
