<?xml version="1.0" encoding="UTF-8"?>
<testsuite name="ru.stqa.pft.addressbook.tests.ContactCreationTest" tests="3" skipped="0" failures="0" errors="0" timestamp="2020-08-24T13:06:22" hostname="WS64-127" time="18.196">
  <properties/>
  <testcase name="testContactCreation[0](ContactData{id=0, firstName='firstName 0', lastName='LastName 0'})" classname="ru.stqa.pft.addressbook.tests.ContactCreationTest" time="7.379"/>
  <testcase name="testContactCreation[1](ContactData{id=0, firstName='firstName 1', lastName='LastName 1'})" classname="ru.stqa.pft.addressbook.tests.ContactCreationTest" time="5.484"/>
  <testcase name="testContactCreation[2](ContactData{id=0, firstName='firstName 2', lastName='LastName 2'})" classname="ru.stqa.pft.addressbook.tests.ContactCreationTest" time="5.329"/>
  <system-out><![CDATA[17:06:22.392 [Test worker] INFO  r.s.pft.addressbook.tests.TestBase - Start test testContactCreation with parameters [ContactData{id=0, firstName='firstName 0', lastName='LastName 0'}]
17:06:29.777 [Test worker] INFO  r.s.pft.addressbook.tests.TestBase - Stop test testContactCreation with parameters [ContactData{id=78, firstName='firstName 0', lastName='LastName 0'}]
17:06:29.778 [Test worker] INFO  r.s.pft.addressbook.tests.TestBase - Start test testContactCreation with parameters [ContactData{id=0, firstName='firstName 1', lastName='LastName 1'}]
17:06:35.262 [Test worker] INFO  r.s.pft.addressbook.tests.TestBase - Stop test testContactCreation with parameters [ContactData{id=79, firstName='firstName 1', lastName='LastName 1'}]
17:06:35.263 [Test worker] INFO  r.s.pft.addressbook.tests.TestBase - Start test testContactCreation with parameters [ContactData{id=0, firstName='firstName 2', lastName='LastName 2'}]
17:06:40.592 [Test worker] INFO  r.s.pft.addressbook.tests.TestBase - Stop test testContactCreation with parameters [ContactData{id=80, firstName='firstName 2', lastName='LastName 2'}]
]]></system-out>
  <system-err><![CDATA[Security framework of XStream not initialized, XStream is probably vulnerable.
]]></system-err>
</testsuite>
