<?xml version="1.0" encoding="UTF-8"?>
<testsuite name="ru.stqa.pft.addressbook.tests.ContactDeletionTest" tests="1" skipped="0" failures="0" errors="0" timestamp="2020-08-24T13:06:49" hostname="WS64-127" time="1.382">
  <properties/>
  <testcase name="testDeletionContact" classname="ru.stqa.pft.addressbook.tests.ContactDeletionTest" time="1.382"/>
  <system-out><![CDATA[17:06:48.408 [Test worker] INFO  r.s.pft.addressbook.tests.TestBase - Start test testDeletionContact with parameters []
17:06:50.409 [Test worker] INFO  r.s.pft.addressbook.tests.TestBase - Stop test testDeletionContact with parameters []
]]></system-out>
  <system-err><![CDATA[]]></system-err>
</testsuite>
