<?xml version="1.0" encoding="UTF-8"?>
<testsuite name="ru.stqa.pft.addressbook.tests.ContactAddressTests" tests="1" skipped="0" failures="0" errors="0" timestamp="2020-08-24T13:06:48" hostname="WS64-127" time="0.386">
  <properties/>
  <testcase name="testContactAddress" classname="ru.stqa.pft.addressbook.tests.ContactAddressTests" time="0.386"/>
  <system-out><![CDATA[17:06:47.408 [Test worker] INFO  r.s.pft.addressbook.tests.TestBase - Start test testContactAddress with parameters []
17:06:48.406 [Test worker] INFO  r.s.pft.addressbook.tests.TestBase - Stop test testContactAddress with parameters []
]]></system-out>
  <system-err><![CDATA[]]></system-err>
</testsuite>
