<?xml version="1.0" encoding="UTF-8"?>
<testsuite name="ru.stqa.pft.addressbook.tests.ContactEmailTests" tests="1" skipped="0" failures="0" errors="0" timestamp="2020-08-24T13:06:45" hostname="WS64-127" time="0.484">
  <properties/>
  <testcase name="testContactEmails" classname="ru.stqa.pft.addressbook.tests.ContactEmailTests" time="0.484"/>
  <system-out><![CDATA[17:06:45.439 [Test worker] INFO  r.s.pft.addressbook.tests.TestBase - Start test testContactEmails with parameters []
17:06:46.349 [Test worker] INFO  r.s.pft.addressbook.tests.TestBase - Stop test testContactEmails with parameters []
]]></system-out>
  <system-err><![CDATA[]]></system-err>
</testsuite>
