<?xml version="1.0" encoding="UTF-8"?>
<testsuite name="ru.stqa.pft.addressbook.tests.ContactPhoneTests" tests="1" skipped="0" failures="0" errors="0" timestamp="2020-08-24T13:06:46" hostname="WS64-127" time="0.441">
  <properties/>
  <testcase name="testContactPhones" classname="ru.stqa.pft.addressbook.tests.ContactPhoneTests" time="0.441"/>
  <system-out><![CDATA[17:06:46.350 [Test worker] INFO  r.s.pft.addressbook.tests.TestBase - Start test testContactPhones with parameters []
17:06:47.406 [Test worker] INFO  r.s.pft.addressbook.tests.TestBase - Stop test testContactPhones with parameters []
]]></system-out>
  <system-err><![CDATA[]]></system-err>
</testsuite>
