<?xml version="1.0" encoding="UTF-8"?>
<testsuite name="ru.stqa.pft.addressbook.GroupCreationTest" tests="1" skipped="0" failures="0" errors="0" timestamp="2020-07-29T06:35:07" hostname="WS64-127" time="1.011">
  <properties/>
  <testcase name="testGroupCreation" classname="ru.stqa.pft.addressbook.GroupCreationTest" time="1.011"/>
  <system-out><![CDATA[]]></system-out>
  <system-err><![CDATA[Starting ChromeDriver 84.0.4147.30 (48b3e868b4cc0aa7e8149519690b6f6949e110a8-refs/branch-heads/4147@{#310}) on port 28544
Only local connections are allowed.
Please see https://chromedriver.chromium.org/security-considerations for suggestions on keeping ChromeDriver safe.
ChromeDriver was started successfully.
июл 29, 2020 10:35:05 AM org.openqa.selenium.remote.ProtocolHandshake createSession
INFO: Detected dialect: W3C
]]></system-err>
</testsuite>
