<?xml version="1.0" encoding="UTF-8"?>
<testsuite name="ru.stqa.pft.addressbook.tests.ContactCreationTest" tests="1" skipped="0" failures="0" errors="0" timestamp="2020-08-05T12:29:04" hostname="WS64-127" time="5.346">
  <properties/>
  <testcase name="testContactCreation" classname="ru.stqa.pft.addressbook.tests.ContactCreationTest" time="5.346"/>
  <system-out><![CDATA[[ContactData{id=21, firstName='firstName', lastName='LastName'}, ContactData{id=22, firstName='firstName', lastName='LastName'}, ContactData{id=23, firstName='firstName', lastName='LastName'}, ContactData{id=25, firstName='firstName', lastName='LastName'}, ContactData{id=27, firstName='firstName', lastName='LastName'}, ContactData{id=28, firstName='', lastName=''}, ContactData{id=29, firstName='firstName', lastName='LastName'}, ContactData{id=30, firstName='firstName', lastName='LastName'}, ContactData{id=31, firstName='firstName', lastName='LastName'}, ContactData{id=2147483647, firstName='firstName', lastName='LastName'}]
[ContactData{id=21, firstName='firstName', lastName='LastName'}, ContactData{id=22, firstName='firstName', lastName='LastName'}, ContactData{id=23, firstName='firstName', lastName='LastName'}, ContactData{id=25, firstName='firstName', lastName='LastName'}, ContactData{id=27, firstName='firstName', lastName='LastName'}, ContactData{id=28, firstName='', lastName=''}, ContactData{id=29, firstName='firstName', lastName='LastName'}, ContactData{id=30, firstName='firstName', lastName='LastName'}, ContactData{id=31, firstName='firstName', lastName='LastName'}, ContactData{id=32, firstName='firstName', lastName='LastName'}]
]]></system-out>
  <system-err><![CDATA[Starting ChromeDriver 84.0.4147.30 (48b3e868b4cc0aa7e8149519690b6f6949e110a8-refs/branch-heads/4147@{#310}) on port 24633
Only local connections are allowed.
Please see https://chromedriver.chromium.org/security-considerations for suggestions on keeping ChromeDriver safe.
ChromeDriver was started successfully.
авг 05, 2020 4:29:02 PM org.openqa.selenium.remote.ProtocolHandshake createSession
INFO: Detected dialect: W3C
]]></system-err>
</testsuite>
