<?xml version="1.0" encoding="UTF-8"?>
<testsuite name="ru.stqa.pft.addressbook.tests.ContactModificationTest" tests="1" skipped="0" failures="0" errors="0" timestamp="2020-08-11T09:24:20" hostname="WS64-127" time="5.13">
  <properties/>
  <testcase name="testContactModification" classname="ru.stqa.pft.addressbook.tests.ContactModificationTest" time="5.13"/>
  <system-out><![CDATA[]]></system-out>
  <system-err><![CDATA[]]></system-err>
</testsuite>
