<?xml version="1.0" encoding="UTF-8"?>
<testsuite name="ru.stqa.pft.addressbook.tests.ContactCreationTest" tests="3" skipped="0" failures="0" errors="0" timestamp="2020-08-12T13:54:57" hostname="WS64-127" time="14.367">
  <properties/>
  <testcase name="testContactCreation[0](ContactData{id=0, firstName='firstName 0', lastName='LastName 0'})" classname="ru.stqa.pft.addressbook.tests.ContactCreationTest" time="5.233"/>
  <testcase name="testContactCreation[1](ContactData{id=0, firstName='firstName 1', lastName='LastName 1'})" classname="ru.stqa.pft.addressbook.tests.ContactCreationTest" time="4.666"/>
  <testcase name="testContactCreation[2](ContactData{id=0, firstName='firstName 2', lastName='LastName 2'})" classname="ru.stqa.pft.addressbook.tests.ContactCreationTest" time="4.465"/>
  <system-out><![CDATA[]]></system-out>
  <system-err><![CDATA[Security framework of XStream not initialized, XStream is probably vulnerable.
]]></system-err>
</testsuite>
