<?xml version="1.0" encoding="UTF-8"?>
<testsuite name="ru.stqa.pft.addressbook.tests.GroupCreationTest" tests="15" skipped="0" failures="0" errors="0" timestamp="2020-08-12T08:19:54" hostname="WS64-127" time="24.374">
  <properties/>
  <testcase name="testGroupCreation[0](GroupData{id='0', name='testGroup 0'})" classname="ru.stqa.pft.addressbook.tests.GroupCreationTest" time="2.032"/>
  <testcase name="testGroupCreation[1](GroupData{id='0', name='testGroup 1'})" classname="ru.stqa.pft.addressbook.tests.GroupCreationTest" time="1.499"/>
  <testcase name="testGroupCreation[2](GroupData{id='0', name='testGroup 2'})" classname="ru.stqa.pft.addressbook.tests.GroupCreationTest" time="1.574"/>
  <testcase name="testGroupCreation[3](GroupData{id='0', name='testGroup 3'})" classname="ru.stqa.pft.addressbook.tests.GroupCreationTest" time="1.537"/>
  <testcase name="testGroupCreation[4](GroupData{id='0', name='testGroup 4'})" classname="ru.stqa.pft.addressbook.tests.GroupCreationTest" time="1.516"/>
  <testcase name="testGroupCreation[5](GroupData{id='0', name='testGroup 5'})" classname="ru.stqa.pft.addressbook.tests.GroupCreationTest" time="1.534"/>
  <testcase name="testGroupCreation[6](GroupData{id='0', name='testGroup 6'})" classname="ru.stqa.pft.addressbook.tests.GroupCreationTest" time="1.583"/>
  <testcase name="testGroupCreation[7](GroupData{id='0', name='testGroup 7'})" classname="ru.stqa.pft.addressbook.tests.GroupCreationTest" time="1.568"/>
  <testcase name="testGroupCreation[8](GroupData{id='0', name='testGroup 8'})" classname="ru.stqa.pft.addressbook.tests.GroupCreationTest" time="1.591"/>
  <testcase name="testGroupCreation[9](GroupData{id='0', name='testGroup 9'})" classname="ru.stqa.pft.addressbook.tests.GroupCreationTest" time="1.53"/>
  <testcase name="testGroupCreation[10](GroupData{id='0', name='testGroup 10'})" classname="ru.stqa.pft.addressbook.tests.GroupCreationTest" time="1.63"/>
  <testcase name="testGroupCreation[11](GroupData{id='0', name='testGroup 11'})" classname="ru.stqa.pft.addressbook.tests.GroupCreationTest" time="1.72"/>
  <testcase name="testGroupCreation[12](GroupData{id='0', name='testGroup 12'})" classname="ru.stqa.pft.addressbook.tests.GroupCreationTest" time="1.672"/>
  <testcase name="testGroupCreation[13](GroupData{id='0', name='testGroup 13'})" classname="ru.stqa.pft.addressbook.tests.GroupCreationTest" time="1.68"/>
  <testcase name="testGroupCreation[14](GroupData{id='0', name='testGroup 14'})" classname="ru.stqa.pft.addressbook.tests.GroupCreationTest" time="1.703"/>
  <system-out><![CDATA[]]></system-out>
  <system-err><![CDATA[Security framework of XStream not initialized, XStream is probably vulnerable.
]]></system-err>
</testsuite>
