<?xml version="1.0" encoding="UTF-8"?>
<testsuite name="ru.stqa.pft.addressbook.tests.ContactModificationTest" tests="1" skipped="0" failures="0" errors="0" timestamp="2020-07-31T11:56:02" hostname="WS64-127" time="7.871">
  <properties/>
  <testcase name="testContactModification" classname="ru.stqa.pft.addressbook.tests.ContactModificationTest" time="7.871"/>
  <system-out><![CDATA[]]></system-out>
  <system-err><![CDATA[Starting ChromeDriver 84.0.4147.30 (48b3e868b4cc0aa7e8149519690b6f6949e110a8-refs/branch-heads/4147@{#310}) on port 23819
Only local connections are allowed.
Please see https://chromedriver.chromium.org/security-considerations for suggestions on keeping ChromeDriver safe.
ChromeDriver was started successfully.
июл 31, 2020 3:56:01 PM org.openqa.selenium.remote.ProtocolHandshake createSession
INFO: Detected dialect: W3C
]]></system-err>
</testsuite>
