<?xml version="1.0" encoding="UTF-8"?>
<testsuite name="ru.stqa.pft.addressbook.tests.GroupCreationTest" tests="4" skipped="0" failures="0" errors="0" timestamp="2020-08-11T13:22:08" hostname="WS64-127" time="5.749">
  <properties/>
  <testcase name="testGroupCreation[0](GroupData{id='2147483647', name='testGroup 0'})" classname="ru.stqa.pft.addressbook.tests.GroupCreationTest" time="1.712"/>
  <testcase name="testGroupCreation[1](GroupData{id='2147483647', name='testGroup 1'})" classname="ru.stqa.pft.addressbook.tests.GroupCreationTest" time="1.365"/>
  <testcase name="testGroupCreation[2](GroupData{id='2147483647', name='testGroup 2'})" classname="ru.stqa.pft.addressbook.tests.GroupCreationTest" time="1.31"/>
  <testcase name="testGroupCreation[3](GroupData{id='2147483647', name='testGroup 3'})" classname="ru.stqa.pft.addressbook.tests.GroupCreationTest" time="1.36"/>
  <system-out><![CDATA[]]></system-out>
  <system-err><![CDATA[]]></system-err>
</testsuite>
